  yspng.cpp
C:\Users\FeiyaZhu\Desktop\24780-Final-Project\FinalProject_VS\FinalProject\yspng.cpp(992,11): error C4996: 'fopen': This function or variable may be unsafe. Consider using fopen_s instead. To disable deprecation, use _CRT_SECURE_NO_WARNINGS. See online help for details.
  yssimplesound.cpp
C:\Users\FeiyaZhu\Desktop\24780-Final-Project\FinalProject_VS\FinalProject\yssimplesound.cpp(410,25): warning C4267: '=': conversion from 'size_t' to 'unsigned int', possible loss of data
C:\Users\FeiyaZhu\Desktop\24780-Final-Project\FinalProject_VS\FinalProject\yssimplesound.cpp(425,5): error C4996: 'fopen': This function or variable may be unsafe. Consider using fopen_s instead. To disable deprecation, use _CRT_SECURE_NO_WARNINGS. See online help for details.
C:\Users\FeiyaZhu\Desktop\24780-Final-Project\FinalProject_VS\FinalProject\yssimplesound.cpp(579,22): warning C4244: '=': conversion from '__int64' to 'unsigned int', possible loss of data
C:\Users\FeiyaZhu\Desktop\24780-Final-Project\FinalProject_VS\FinalProject\yssimplesound.cpp(616,18): warning C4018: '<': signed/unsigned mismatch
C:\Users\FeiyaZhu\Desktop\24780-Final-Project\FinalProject_VS\FinalProject\yssimplesound.cpp(642,17): warning C4018: '<': signed/unsigned mismatch
C:\Users\FeiyaZhu\Desktop\24780-Final-Project\FinalProject_VS\FinalProject\yssimplesound.cpp(666,18): warning C4018: '<': signed/unsigned mismatch
C:\Users\FeiyaZhu\Desktop\24780-Final-Project\FinalProject_VS\FinalProject\yssimplesound.cpp(680,18): warning C4018: '<': signed/unsigned mismatch
C:\Users\FeiyaZhu\Desktop\24780-Final-Project\FinalProject_VS\FinalProject\yssimplesound.cpp(724,58): warning C4267: 'argument': conversion from 'size_t' to 'int', possible loss of data
C:\Users\FeiyaZhu\Desktop\24780-Final-Project\FinalProject_VS\FinalProject\yssimplesound.cpp(731,49): warning C4267: 'argument': conversion from 'size_t' to 'int', possible loss of data
C:\Users\FeiyaZhu\Desktop\24780-Final-Project\FinalProject_VS\FinalProject\yssimplesound.cpp(732,51): warning C4267: 'argument': conversion from 'size_t' to 'int', possible loss of data
C:\Users\FeiyaZhu\Desktop\24780-Final-Project\FinalProject_VS\FinalProject\yssimplesound.cpp(741,51): warning C4267: 'argument': conversion from 'size_t' to 'int', possible loss of data
C:\Users\FeiyaZhu\Desktop\24780-Final-Project\FinalProject_VS\FinalProject\yssimplesound.cpp(742,49): warning C4267: 'argument': conversion from 'size_t' to 'int', possible loss of data
C:\Users\FeiyaZhu\Desktop\24780-Final-Project\FinalProject_VS\FinalProject\yssimplesound.cpp(743,51): warning C4267: 'argument': conversion from 'size_t' to 'int', possible loss of data
C:\Users\FeiyaZhu\Desktop\24780-Final-Project\FinalProject_VS\FinalProject\yssimplesound.cpp(744,51): warning C4267: 'argument': conversion from 'size_t' to 'int', possible loss of data
C:\Users\FeiyaZhu\Desktop\24780-Final-Project\FinalProject_VS\FinalProject\yssimplesound.cpp(777,22): warning C4267: '=': conversion from 'size_t' to 'unsigned int', possible loss of data
C:\Users\FeiyaZhu\Desktop\24780-Final-Project\FinalProject_VS\FinalProject\yssimplesound.cpp(799,47): warning C4267: 'argument': conversion from 'size_t' to 'int', possible loss of data
C:\Users\FeiyaZhu\Desktop\24780-Final-Project\FinalProject_VS\FinalProject\yssimplesound.cpp(799,71): warning C4267: 'argument': conversion from 'size_t' to 'int', possible loss of data
C:\Users\FeiyaZhu\Desktop\24780-Final-Project\FinalProject_VS\FinalProject\yssimplesound.cpp(805,23): warning C4267: '=': conversion from 'size_t' to 'unsigned int', possible loss of data
C:\Users\FeiyaZhu\Desktop\24780-Final-Project\FinalProject_VS\FinalProject\yssimplesound.cpp(825,18): warning C4018: '<': signed/unsigned mismatch
C:\Users\FeiyaZhu\Desktop\24780-Final-Project\FinalProject_VS\FinalProject\yssimplesound.cpp(832,18): warning C4018: '<': signed/unsigned mismatch
C:\Users\FeiyaZhu\Desktop\24780-Final-Project\FinalProject_VS\FinalProject\yssimplesound.cpp(857,18): warning C4018: '<': signed/unsigned mismatch
C:\Users\FeiyaZhu\Desktop\24780-Final-Project\FinalProject_VS\FinalProject\yssimplesound.cpp(864,18): warning C4018: '<': signed/unsigned mismatch
C:\Users\FeiyaZhu\Desktop\24780-Final-Project\FinalProject_VS\FinalProject\yssimplesound.cpp(898,54): warning C4267: 'argument': conversion from 'size_t' to 'int', possible loss of data
C:\Users\FeiyaZhu\Desktop\24780-Final-Project\FinalProject_VS\FinalProject\yssimplesound.cpp(904,23): warning C4267: '=': conversion from 'size_t' to 'unsigned int', possible loss of data
C:\Users\FeiyaZhu\Desktop\24780-Final-Project\FinalProject_VS\FinalProject\yssimplesound.cpp(1083,14): warning C4244: '=': conversion from '__int64' to 'unsigned int', possible loss of data
C:\Users\FeiyaZhu\Desktop\24780-Final-Project\FinalProject_VS\FinalProject\yssimplesound.cpp(1183,16): warning C4018: '<': signed/unsigned mismatch
C:\Users\FeiyaZhu\Desktop\24780-Final-Project\FinalProject_VS\FinalProject\yssimplesound.cpp(1453,42): warning C4311: 'type cast': pointer truncation from 'HWND' to 'int'
C:\Users\FeiyaZhu\Desktop\24780-Final-Project\FinalProject_VS\FinalProject\yssimplesound.cpp(1453,42): warning C4302: 'type cast': truncation from 'HWND' to 'int'
C:\Users\FeiyaZhu\Desktop\24780-Final-Project\FinalProject_VS\FinalProject\yssimplesound.cpp(1699,11): warning C4244: '=': conversion from 'double' to 'float', possible loss of data
C:\Users\FeiyaZhu\Desktop\24780-Final-Project\FinalProject_VS\FinalProject\yssimplesound.cpp(1703,11): warning C4244: 'initializing': conversion from 'double' to 'float', possible loss of data
C:\Users\FeiyaZhu\Desktop\24780-Final-Project\FinalProject_VS\FinalProject\yssimplesound.cpp(2429,22): warning C4244: '=': conversion from 'uint64_t' to 'DWORD', possible loss of data
C:\Users\FeiyaZhu\Desktop\24780-Final-Project\FinalProject_VS\FinalProject\yssimplesound.cpp(2737,49): warning C4244: '=': conversion from 'uint64_t' to 'DWORD', possible loss of data
C:\Users\FeiyaZhu\Desktop\24780-Final-Project\FinalProject_VS\FinalProject\yssimplesound.cpp(2765,51): warning C4244: 'argument': conversion from 'int64_t' to 'const _Ty', possible loss of data
          with
          [
              _Ty=DWORD
          ]
